running egg_info
creating ../../../../build/mav_simulator/mav_simulator.egg-info
writing ../../../../build/mav_simulator/mav_simulator.egg-info/PKG-INFO
writing dependency_links to ../../../../build/mav_simulator/mav_simulator.egg-info/dependency_links.txt
writing entry points to ../../../../build/mav_simulator/mav_simulator.egg-info/entry_points.txt
writing requirements to ../../../../build/mav_simulator/mav_simulator.egg-info/requires.txt
writing top-level names to ../../../../build/mav_simulator/mav_simulator.egg-info/top_level.txt
writing manifest file '../../../../build/mav_simulator/mav_simulator.egg-info/SOURCES.txt'
reading manifest file '../../../../build/mav_simulator/mav_simulator.egg-info/SOURCES.txt'
adding license file 'LICENSE'
writing manifest file '../../../../build/mav_simulator/mav_simulator.egg-info/SOURCES.txt'
running build
running build_py
creating /home/jj/Desktop/MavLab_Study/ros2_ws/build/mav_simulator/build
creating /home/jj/Desktop/MavLab_Study/ros2_ws/build/mav_simulator/build/lib
creating /home/jj/Desktop/MavLab_Study/ros2_ws/build/mav_simulator/build/lib/mav_simulator
copying mav_simulator/mav_simulate.py -> /home/jj/Desktop/MavLab_Study/ros2_ws/build/mav_simulator/build/lib/mav_simulator
copying mav_simulator/__init__.py -> /home/jj/Desktop/MavLab_Study/ros2_ws/build/mav_simulator/build/lib/mav_simulator
running install
running install_lib
creating /home/jj/Desktop/MavLab_Study/ros2_ws/install/mav_simulator/lib/python3.12/site-packages/mav_simulator
copying /home/jj/Desktop/MavLab_Study/ros2_ws/build/mav_simulator/build/lib/mav_simulator/mav_simulate.py -> /home/jj/Desktop/MavLab_Study/ros2_ws/install/mav_simulator/lib/python3.12/site-packages/mav_simulator
copying /home/jj/Desktop/MavLab_Study/ros2_ws/build/mav_simulator/build/lib/mav_simulator/__init__.py -> /home/jj/Desktop/MavLab_Study/ros2_ws/install/mav_simulator/lib/python3.12/site-packages/mav_simulator
byte-compiling /home/jj/Desktop/MavLab_Study/ros2_ws/install/mav_simulator/lib/python3.12/site-packages/mav_simulator/mav_simulate.py to mav_simulate.cpython-312.pyc
byte-compiling /home/jj/Desktop/MavLab_Study/ros2_ws/install/mav_simulator/lib/python3.12/site-packages/mav_simulator/__init__.py to __init__.cpython-312.pyc
running install_data
creating /home/jj/Desktop/MavLab_Study/ros2_ws/install/mav_simulator/share/ament_index
creating /home/jj/Desktop/MavLab_Study/ros2_ws/install/mav_simulator/share/ament_index/resource_index
creating /home/jj/Desktop/MavLab_Study/ros2_ws/install/mav_simulator/share/ament_index/resource_index/packages
copying resource/mav_simulator -> /home/jj/Desktop/MavLab_Study/ros2_ws/install/mav_simulator/share/ament_index/resource_index/packages
copying package.xml -> /home/jj/Desktop/MavLab_Study/ros2_ws/install/mav_simulator/share/mav_simulator
creating /home/jj/Desktop/MavLab_Study/ros2_ws/install/mav_simulator/share/mav_simulator/launch
copying launch/mav_launch.py -> /home/jj/Desktop/MavLab_Study/ros2_ws/install/mav_simulator/share/mav_simulator/launch
running install_egg_info
Copying ../../../../build/mav_simulator/mav_simulator.egg-info to /home/jj/Desktop/MavLab_Study/ros2_ws/install/mav_simulator/lib/python3.12/site-packages/mav_simulator-0.0.1-py3.12.egg-info
running install_scripts
Installing mav_simulate script to /home/jj/Desktop/MavLab_Study/ros2_ws/install/mav_simulator/lib/mav_simulator
writing list of installed files to '/home/jj/Desktop/MavLab_Study/ros2_ws/build/mav_simulator/install.log'
