[0.887s] Invoking command in '/home/jj/Desktop/MavLab_Study/ros2_ws/src/student/tut_04/mav_simulator': CONDA_PROMPT_MODIFIER=(base) DEBUGINFOD_URLS=https://debuginfod.ubuntu.com PYTHONPATH=/home/jj/Desktop/MavLab_Study/ros2_ws/build/mav_simulator/prefix_override:/usr/lib/python3/dist-packages/colcon_core/task/python/colcon_distutils_commands:/home/jj/Desktop/MavLab_Study/ros2_ws/install/mav_simulator/lib/python3.12/site-packages:${PYTHONPATH} /usr/bin/python3 -W ignore:setup.py install is deprecated -W ignore:easy_install command is deprecated setup.py egg_info --egg-base ../../../../build/mav_simulator build --build-base /home/jj/Desktop/MavLab_Study/ros2_ws/build/mav_simulator/build install --record /home/jj/Desktop/MavLab_Study/ros2_ws/build/mav_simulator/install.log --single-version-externally-managed install_data
[1.189s] running egg_info
[1.207s] writing ../../../../build/mav_simulator/mav_simulator.egg-info/PKG-INFO
[1.208s] writing dependency_links to ../../../../build/mav_simulator/mav_simulator.egg-info/dependency_links.txt
[1.208s] writing entry points to ../../../../build/mav_simulator/mav_simulator.egg-info/entry_points.txt
[1.208s] writing requirements to ../../../../build/mav_simulator/mav_simulator.egg-info/requires.txt
[1.208s] writing top-level names to ../../../../build/mav_simulator/mav_simulator.egg-info/top_level.txt
[1.246s] reading manifest file '../../../../build/mav_simulator/mav_simulator.egg-info/SOURCES.txt'
[1.246s] adding license file 'LICENSE'
[1.246s] writing manifest file '../../../../build/mav_simulator/mav_simulator.egg-info/SOURCES.txt'
[1.247s] running build
[1.247s] running build_py
[1.247s] copying mav_simulator/mav_control.py -> /home/jj/Desktop/MavLab_Study/ros2_ws/build/mav_simulator/build/lib/mav_simulator
[1.247s] running install
[1.255s] running install_lib
[1.274s] copying /home/jj/Desktop/MavLab_Study/ros2_ws/build/mav_simulator/build/lib/mav_simulator/mav_control.py -> /home/jj/Desktop/MavLab_Study/ros2_ws/install/mav_simulator/lib/python3.12/site-packages/mav_simulator
[1.274s] byte-compiling /home/jj/Desktop/MavLab_Study/ros2_ws/install/mav_simulator/lib/python3.12/site-packages/mav_simulator/mav_control.py to mav_control.cpython-312.pyc
[1.276s] running install_data
[1.276s] running install_egg_info
[1.296s] removing '/home/jj/Desktop/MavLab_Study/ros2_ws/install/mav_simulator/lib/python3.12/site-packages/mav_simulator-0.0.1-py3.12.egg-info' (and everything under it)
[1.297s] Copying ../../../../build/mav_simulator/mav_simulator.egg-info to /home/jj/Desktop/MavLab_Study/ros2_ws/install/mav_simulator/lib/python3.12/site-packages/mav_simulator-0.0.1-py3.12.egg-info
[1.297s] running install_scripts
[1.435s] Installing mav_control script to /home/jj/Desktop/MavLab_Study/ros2_ws/install/mav_simulator/lib/mav_simulator
[1.436s] Installing mav_simulate script to /home/jj/Desktop/MavLab_Study/ros2_ws/install/mav_simulator/lib/mav_simulator
[1.436s] writing list of installed files to '/home/jj/Desktop/MavLab_Study/ros2_ws/build/mav_simulator/install.log'
[1.471s] Invoked command in '/home/jj/Desktop/MavLab_Study/ros2_ws/src/student/tut_04/mav_simulator' returned '0': CONDA_PROMPT_MODIFIER=(base) DEBUGINFOD_URLS=https://debuginfod.ubuntu.com PYTHONPATH=/home/jj/Desktop/MavLab_Study/ros2_ws/build/mav_simulator/prefix_override:/usr/lib/python3/dist-packages/colcon_core/task/python/colcon_distutils_commands:/home/jj/Desktop/MavLab_Study/ros2_ws/install/mav_simulator/lib/python3.12/site-packages:${PYTHONPATH} /usr/bin/python3 -W ignore:setup.py install is deprecated -W ignore:easy_install command is deprecated setup.py egg_info --egg-base ../../../../build/mav_simulator build --build-base /home/jj/Desktop/MavLab_Study/ros2_ws/build/mav_simulator/build install --record /home/jj/Desktop/MavLab_Study/ros2_ws/build/mav_simulator/install.log --single-version-externally-managed install_data
