running egg_info
writing ../../../../../build/mav_simulator/mav_simulator.egg-info/PKG-INFO
writing dependency_links to ../../../../../build/mav_simulator/mav_simulator.egg-info/dependency_links.txt
writing entry points to ../../../../../build/mav_simulator/mav_simulator.egg-info/entry_points.txt
writing requirements to ../../../../../build/mav_simulator/mav_simulator.egg-info/requires.txt
writing top-level names to ../../../../../build/mav_simulator/mav_simulator.egg-info/top_level.txt
reading manifest file '../../../../../build/mav_simulator/mav_simulator.egg-info/SOURCES.txt'
adding license file 'LICENSE'
writing manifest file '../../../../../build/mav_simulator/mav_simulator.egg-info/SOURCES.txt'
running build
running build_py
running install
running install_lib
running install_data
running install_egg_info
removing '/home/jj/Desktop/MavLab_Study/install/mav_simulator/lib/python3.12/site-packages/mav_simulator-0.0.1-py3.12.egg-info' (and everything under it)
Copying ../../../../../build/mav_simulator/mav_simulator.egg-info to /home/jj/Desktop/MavLab_Study/install/mav_simulator/lib/python3.12/site-packages/mav_simulator-0.0.1-py3.12.egg-info
running install_scripts
Installing mav_simulate script to /home/jj/Desktop/MavLab_Study/install/mav_simulator/lib/mav_simulator
writing list of installed files to '/home/jj/Desktop/MavLab_Study/build/mav_simulator/install.log'
