[0.479s] Invoking command in '/home/jj/Desktop/MavLab_Study/ros2_ws/src/student/tut_04/mav_simulator': CONDA_PROMPT_MODIFIER=(base) DEBUGINFOD_URLS=https://debuginfod.ubuntu.com PYTHONPATH=/home/jj/Desktop/MavLab_Study/build/mav_simulator/prefix_override:/usr/lib/python3/dist-packages/colcon_core/task/python/colcon_distutils_commands:/home/jj/Desktop/MavLab_Study/install/mav_simulator/lib/python3.12/site-packages:${PYTHONPATH} /usr/bin/python3 -W ignore:setup.py install is deprecated -W ignore:easy_install command is deprecated setup.py egg_info --egg-base ../../../../../build/mav_simulator build --build-base /home/jj/Desktop/MavLab_Study/build/mav_simulator/build install --record /home/jj/Desktop/MavLab_Study/build/mav_simulator/install.log --single-version-externally-managed install_data
[0.646s] running egg_info
[0.646s] creating ../../../../../build/mav_simulator/mav_simulator.egg-info
[0.657s] writing ../../../../../build/mav_simulator/mav_simulator.egg-info/PKG-INFO
[0.657s] writing dependency_links to ../../../../../build/mav_simulator/mav_simulator.egg-info/dependency_links.txt
[0.657s] writing entry points to ../../../../../build/mav_simulator/mav_simulator.egg-info/entry_points.txt
[0.657s] writing requirements to ../../../../../build/mav_simulator/mav_simulator.egg-info/requires.txt
[0.657s] writing top-level names to ../../../../../build/mav_simulator/mav_simulator.egg-info/top_level.txt
[0.657s] writing manifest file '../../../../../build/mav_simulator/mav_simulator.egg-info/SOURCES.txt'
[0.679s] reading manifest file '../../../../../build/mav_simulator/mav_simulator.egg-info/SOURCES.txt'
[0.679s] adding license file 'LICENSE'
[0.680s] writing manifest file '../../../../../build/mav_simulator/mav_simulator.egg-info/SOURCES.txt'
[0.680s] running build
[0.680s] running build_py
[0.680s] creating /home/jj/Desktop/MavLab_Study/build/mav_simulator/build
[0.680s] creating /home/jj/Desktop/MavLab_Study/build/mav_simulator/build/lib
[0.680s] creating /home/jj/Desktop/MavLab_Study/build/mav_simulator/build/lib/mav_simulator
[0.680s] copying mav_simulator/mav_simulate.py -> /home/jj/Desktop/MavLab_Study/build/mav_simulator/build/lib/mav_simulator
[0.680s] copying mav_simulator/__init__.py -> /home/jj/Desktop/MavLab_Study/build/mav_simulator/build/lib/mav_simulator
[0.680s] running install
[0.685s] running install_lib
[0.696s] creating /home/jj/Desktop/MavLab_Study/install/mav_simulator/lib/python3.12/site-packages/mav_simulator
[0.696s] copying /home/jj/Desktop/MavLab_Study/build/mav_simulator/build/lib/mav_simulator/mav_simulate.py -> /home/jj/Desktop/MavLab_Study/install/mav_simulator/lib/python3.12/site-packages/mav_simulator
[0.696s] copying /home/jj/Desktop/MavLab_Study/build/mav_simulator/build/lib/mav_simulator/__init__.py -> /home/jj/Desktop/MavLab_Study/install/mav_simulator/lib/python3.12/site-packages/mav_simulator
[0.696s] byte-compiling /home/jj/Desktop/MavLab_Study/install/mav_simulator/lib/python3.12/site-packages/mav_simulator/mav_simulate.py to mav_simulate.cpython-312.pyc
[0.697s] byte-compiling /home/jj/Desktop/MavLab_Study/install/mav_simulator/lib/python3.12/site-packages/mav_simulator/__init__.py to __init__.cpython-312.pyc
[0.697s] running install_data
[0.697s] creating /home/jj/Desktop/MavLab_Study/install/mav_simulator/share/ament_index
[0.697s] creating /home/jj/Desktop/MavLab_Study/install/mav_simulator/share/ament_index/resource_index
[0.697s] creating /home/jj/Desktop/MavLab_Study/install/mav_simulator/share/ament_index/resource_index/packages
[0.697s] copying resource/mav_simulator -> /home/jj/Desktop/MavLab_Study/install/mav_simulator/share/ament_index/resource_index/packages
[0.697s] copying package.xml -> /home/jj/Desktop/MavLab_Study/install/mav_simulator/share/mav_simulator
[0.698s] creating /home/jj/Desktop/MavLab_Study/install/mav_simulator/share/mav_simulator/launch
[0.698s] copying launch/mav_launch.py -> /home/jj/Desktop/MavLab_Study/install/mav_simulator/share/mav_simulator/launch
[0.698s] running install_egg_info
[0.709s] Copying ../../../../../build/mav_simulator/mav_simulator.egg-info to /home/jj/Desktop/MavLab_Study/install/mav_simulator/lib/python3.12/site-packages/mav_simulator-0.0.1-py3.12.egg-info
[0.710s] running install_scripts
[0.787s] Installing mav_simulate script to /home/jj/Desktop/MavLab_Study/install/mav_simulator/lib/mav_simulator
[0.787s] writing list of installed files to '/home/jj/Desktop/MavLab_Study/build/mav_simulator/install.log'
[0.807s] Invoked command in '/home/jj/Desktop/MavLab_Study/ros2_ws/src/student/tut_04/mav_simulator' returned '0': CONDA_PROMPT_MODIFIER=(base) DEBUGINFOD_URLS=https://debuginfod.ubuntu.com PYTHONPATH=/home/jj/Desktop/MavLab_Study/build/mav_simulator/prefix_override:/usr/lib/python3/dist-packages/colcon_core/task/python/colcon_distutils_commands:/home/jj/Desktop/MavLab_Study/install/mav_simulator/lib/python3.12/site-packages:${PYTHONPATH} /usr/bin/python3 -W ignore:setup.py install is deprecated -W ignore:easy_install command is deprecated setup.py egg_info --egg-base ../../../../../build/mav_simulator build --build-base /home/jj/Desktop/MavLab_Study/build/mav_simulator/build install --record /home/jj/Desktop/MavLab_Study/build/mav_simulator/install.log --single-version-externally-managed install_data
